<?xml version="1.0" encoding="UTF-8"?>
<!-- Generated by org.testng.reporters.JUnitReportReporter -->
<testsuite hostname="Whos" failures="0" tests="1" name="testcases.TC01_Login" time="2.352" errors="0" timestamp="2023-12-12T12:26:26 EET" skipped="0">
  <testcase classname="testcases.TC01_Login" name="loginWithValidEmailAndPassword_P" time="2.352"/>
  <system-out/>
</testsuite> <!-- testcases.TC01_Login -->
