<?xml version="1.0" encoding="UTF-8"?>
<!-- Generated by org.testng.reporters.JUnitReportReporter -->
<testsuite hostname="Whos" failures="0" tests="1" name="testcases.TC02_AddProductsToCart" time="11.751" errors="0" timestamp="2023-12-26T13:50:13 EET" skipped="0">
  <testcase classname="testcases.TC02_AddProductsToCart" name="checkInvoiceTotalPrice_P" time="11.751"/>
  <system-out/>
</testsuite> <!-- testcases.TC02_AddProductsToCart -->
